Arguments: 
  C:\Program Files\nodejs\node.exe C:\Users\zakig\AppData\Roaming\npm\node_modules\yarn\bin\yarn.js

PATH: 
  C:\Program Files\OpenJDK\jdk-11.0.17.8-hotspot\bin;C:\Program Files\OpenJDK\jdk-11.0.17.8-hotspot;C:\WINDOWS\system32;C:\WINDOWS;C:\WINDOWS\System32\Wbem;C:\WINDOWS\System32\WindowsPowerShell\v1.0\;C:\WINDOWS\System32\OpenSSH\;C:\Program Files\Git\cmd;C:\Users\zakig\AppData\Local\Android\Sdk;C:\Users\zakig\AppData\Local\Android\Sdk\platform-tools;C:\Program Files\OpenJDK\jdk-17.0.10\bin;C:\Program Files\OpenJDK\jdk-17.0.10;C:\xampp\php;C:\ProgramData\ComposerSetup\bin;C:\Program Files\nodejs\;C:\Users\zakig\AppData\Local\Microsoft\WindowsApps;C:\Users\zakig\AppData\Local\Programs\Microsoft VS Code\bin;C:\Users\zakig\AppData\Local\Android\Sdk;C:\Users\zakig\AppData\Local\Android\Sdk\emulator;C:\Users\zakig\AppData\Local\Android\Sdk\platform-tools;C:\Users\zakig\AppData\Local\Android\Sdk\tools;C:\Users\zakig\AppData\Local\Android\Sdk\tools\bin;C:\Users\zakig\AppData\Roaming\Composer\vendor\bin;C:\Users\zakig\AppData\Roaming\npm

Yarn version: 
  1.22.19

Node version: 
  21.7.3

Platform: 
  win32 x64

Trace: 
  Error: getaddrinfo ENOTFOUND registry.yarnpkg.com
      at GetAddrInfoReqWrap.onlookupall [as oncomplete] (node:dns:118:26)

npm manifest: 
  {
    "name": "pt-shaft-consulting",
    "version": "1.0.0",
    "description": "",
    "main": "index.js",
    "scripts": {
      "test": "jest",
      "start": "nodemon src/main.js"
    },
    "jest": {
      "transform": {
        "^.+\\.[t|j]sx?$": "babel-jest"
      }
    },
    "author": "Ahmad Zaki Yamani",
    "license": "ISC",
    "type": "module",
    "dependencies": {
      "@prisma/client": "^5.20.0",
      "bcrypt": "^5.1.1",
      "cors": "^2.8.5",
      "express": "^4.21.0",
      "joi": "^17.13.3",
      "jsonwebtoken": "^9.0.2",
      "nodemon": "^3.1.7",
      "uuid": "^10.0.0"
    },
    "devDependencies": {
      "@babel/preset-env": "^7.25.7",
      "@types/bcrypt": "^5.0.2",
      "@types/express": "^5.0.0",
      "@types/jest": "^29.5.13",
      "@types/supertest": "^6.0.2",
      "@types/uuid": "^10.0.0",
      "babel-jest": "^29.7.0",
      "jest": "^29.7.0",
      "prisma": "^5.20.0",
      "supertest": "^7.0.0"
    }
  }

yarn manifest: 
  No manifest

Lockfile: 
  No lockfile
